[32m@m7s/shared:build: [0mcache hit, replaying output [2mdc7e4b49fb3d4684[0m
[32m@m7s/shared:build: [0m
[32m@m7s/shared:build: [0m> @m7s/shared@0.0.1 build /Users/dexter/m7s4/m7s-import/packages/shared
[32m@m7s/shared:build: [0m> tsup
[32m@m7s/shared:build: [0m
[32m@m7s/shared:build: [0mCLI Building entry: utils/index.ts, types/index.ts
[32m@m7s/shared:build: [0mCLI Using tsconfig: tsconfig.json
[32m@m7s/shared:build: [0mCLI tsup v5.12.4
[32m@m7s/shared:build: [0mCLI Using tsup config: /Users/dexter/m7s4/m7s-import/packages/shared/tsup.config.ts
[32m@m7s/shared:build: [0mCLI Target: node12
[32m@m7s/shared:build: [0mCLI Cleaning output folder
[32m@m7s/shared:build: [0mCJS Build start
[32m@m7s/shared:build: [0mCJS You have emitDecoratorMetadata enabled but @swc/core was not installed, skipping swc plugin
[32m@m7s/shared:build: [0mESM Build start
[32m@m7s/shared:build: [0mESM You have emitDecoratorMetadata enabled but @swc/core was not installed, skipping swc plugin
[32m@m7s/shared:build: [0mCJS ⚡️ Build success in 21ms
[32m@m7s/shared:build: [0mESM ⚡️ Build success in 17ms
[32m@m7s/shared:build: [0mESM dist/types/index.mjs 343.00 B
[32m@m7s/shared:build: [0mESM dist/utils/index.mjs 49.00 B
[32m@m7s/shared:build: [0mCJS dist/utils/index.js 1.01 KB
[32m@m7s/shared:build: [0mCJS dist/types/index.js 1.30 KB
[32m@m7s/shared:build: [0mDTS Build start
[32m@m7s/shared:build: [0mDTS ⚡️ Build success in 1815ms
[32m@m7s/shared:build: [0mDTS dist/utils/index.d.ts 40.00 B
[32m@m7s/shared:build: [0mDTS dist/types/index.d.ts 233.00 B
